13:22:44 INFO  : Registering command handlers for SDK TCF services
13:22:45 INFO  : Launching XSCT server: xsct.bat -interactive C:\FPGAJosieVivian\ZynqComputer\ZynqComputer.sdk\temp_xsdb_launch_script.tcl
13:22:48 INFO  : XSCT server has started successfully.
13:22:51 INFO  : Successfully done setting XSCT server connection channel  
13:22:51 INFO  : Processing command line option -hwspec C:/FPGAJosieVivian/ZynqComputer/ZynqComputer.sdk/Zynq_CPU_wrapper.hdf.
13:22:51 INFO  : Successfully done setting SDK workspace  
13:32:20 INFO  : Registering command handlers for SDK TCF services
13:32:20 INFO  : Launching XSCT server: xsct.bat -interactive C:\FPGAJosieVivian\ZynqComputer\ZynqComputer.sdk\temp_xsdb_launch_script.tcl
13:32:22 INFO  : XSCT server has started successfully.
13:32:23 INFO  : Processing command line option -hwspec C:/FPGAJosieVivian/ZynqComputer/ZynqComputer.sdk/Zynq_CPU_wrapper.hdf.
13:32:23 INFO  : Successfully done setting XSCT server connection channel  
13:32:23 INFO  : Successfully done setting SDK workspace  
13:32:23 INFO  : Checking for hwspec changes in the project Zynq_CPU_wrapper_hw_platform_0.
13:32:55 INFO  : Connected to target on host '127.0.0.1' and port '3121'.
13:33:08 INFO  : Connected to target on host '127.0.0.1' and port '3121'.
13:33:09 INFO  : 'targets -set -filter {jtag_cable_name =~ "Xilinx PYNQ-Z1 003017A6E1A5A" && level==0} -index 1' command is executed.
13:33:11 INFO  : FPGA configured successfully with bitstream "C:/FPGAJosieVivian/ZynqComputer/ZynqComputer.sdk/Zynq_CPU_wrapper_hw_platform_0/Zynq_CPU_wrapper.bit"
13:35:47 INFO  : 'targets -set -filter {jtag_cable_name =~ "Xilinx PYNQ-Z1 003017A6E1A5A" && level==0} -index 1' command is executed.
13:35:47 INFO  : 'fpga -state' command is executed.
13:35:47 INFO  : Connected to target on host '127.0.0.1' and port '3121'.
13:35:47 INFO  : Jtag cable 'Xilinx PYNQ-Z1 003017A6E1A5A' is selected.
13:35:47 INFO  : 'jtag frequency' command is executed.
13:35:47 INFO  : Sourcing of 'C:/FPGAJosieVivian/ZynqComputer/ZynqComputer.sdk/Zynq_CPU_wrapper_hw_platform_0/ps7_init.tcl' is done.
13:35:47 INFO  : Context for 'APU' is selected.
13:35:47 INFO  : Hardware design information is loaded from 'C:/FPGAJosieVivian/ZynqComputer/ZynqComputer.sdk/Zynq_CPU_wrapper_hw_platform_0/system.hdf'.
13:35:47 INFO  : 'configparams force-mem-access 1' command is executed.
13:35:47 INFO  : Context for 'APU' is selected.
13:35:47 INFO  : 'stop' command is executed.
13:35:48 INFO  : 'ps7_init' command is executed.
13:35:48 INFO  : 'ps7_post_config' command is executed.
13:35:48 INFO  : 'configparams force-mem-access 0' command is executed.
13:35:48 INFO  : ----------------XSDB Script----------------
connect -url tcp:127.0.0.1:3121
source C:/FPGAJosieVivian/ZynqComputer/ZynqComputer.sdk/Zynq_CPU_wrapper_hw_platform_0/ps7_init.tcl
targets -set -nocase -filter {name =~"APU*" && jtag_cable_name =~ "Xilinx PYNQ-Z1 003017A6E1A5A"} -index 0
loadhw -hw C:/FPGAJosieVivian/ZynqComputer/ZynqComputer.sdk/Zynq_CPU_wrapper_hw_platform_0/system.hdf -mem-ranges [list {0x40000000 0xbfffffff}]
configparams force-mem-access 1
targets -set -nocase -filter {name =~"APU*" && jtag_cable_name =~ "Xilinx PYNQ-Z1 003017A6E1A5A"} -index 0
stop
ps7_init
ps7_post_config
configparams force-mem-access 0
----------------End of Script----------------

13:35:48 INFO  : Disconnected from the channel tcfchan#1.
13:37:25 INFO  : 'targets -set -filter {jtag_cable_name =~ "Xilinx PYNQ-Z1 003017A6E1A5A" && level==0} -index 1' command is executed.
13:37:25 INFO  : 'fpga -state' command is executed.
13:37:25 INFO  : Connected to target on host '127.0.0.1' and port '3121'.
13:37:26 INFO  : Jtag cable 'Xilinx PYNQ-Z1 003017A6E1A5A' is selected.
13:37:26 INFO  : 'jtag frequency' command is executed.
13:37:26 INFO  : Sourcing of 'C:/FPGAJosieVivian/ZynqComputer/ZynqComputer.sdk/Zynq_CPU_wrapper_hw_platform_0/ps7_init.tcl' is done.
13:37:26 INFO  : Context for 'APU' is selected.
13:37:28 INFO  : Hardware design information is loaded from 'C:/FPGAJosieVivian/ZynqComputer/ZynqComputer.sdk/Zynq_CPU_wrapper_hw_platform_0/system.hdf'.
13:37:28 INFO  : 'configparams force-mem-access 1' command is executed.
13:37:28 INFO  : Context for 'APU' is selected.
13:37:28 INFO  : 'stop' command is executed.
13:37:29 INFO  : 'ps7_init' command is executed.
13:37:29 INFO  : 'ps7_post_config' command is executed.
13:37:29 INFO  : Context for processor 'ps7_cortexa9_0' is selected.
13:37:29 INFO  : Processor reset is completed for 'ps7_cortexa9_0'.
13:37:29 INFO  : Context for processor 'ps7_cortexa9_0' is selected.
13:37:29 INFO  : The application 'C:/FPGAJosieVivian/ZynqComputer/ZynqComputer.sdk/hello_world/Debug/hello_world.elf' is downloaded to processor 'ps7_cortexa9_0'.
13:37:29 INFO  : 'configparams force-mem-access 0' command is executed.
13:37:29 INFO  : ----------------XSDB Script----------------
connect -url tcp:127.0.0.1:3121
source C:/FPGAJosieVivian/ZynqComputer/ZynqComputer.sdk/Zynq_CPU_wrapper_hw_platform_0/ps7_init.tcl
targets -set -nocase -filter {name =~"APU*" && jtag_cable_name =~ "Xilinx PYNQ-Z1 003017A6E1A5A"} -index 0
loadhw -hw C:/FPGAJosieVivian/ZynqComputer/ZynqComputer.sdk/Zynq_CPU_wrapper_hw_platform_0/system.hdf -mem-ranges [list {0x40000000 0xbfffffff}]
configparams force-mem-access 1
targets -set -nocase -filter {name =~"APU*" && jtag_cable_name =~ "Xilinx PYNQ-Z1 003017A6E1A5A"} -index 0
stop
ps7_init
ps7_post_config
targets -set -nocase -filter {name =~ "ARM*#0" && jtag_cable_name =~ "Xilinx PYNQ-Z1 003017A6E1A5A"} -index 0
rst -processor
targets -set -nocase -filter {name =~ "ARM*#0" && jtag_cable_name =~ "Xilinx PYNQ-Z1 003017A6E1A5A"} -index 0
dow C:/FPGAJosieVivian/ZynqComputer/ZynqComputer.sdk/hello_world/Debug/hello_world.elf
configparams force-mem-access 0
----------------End of Script----------------

13:37:29 INFO  : Context for processor 'ps7_cortexa9_0' is selected.
13:37:29 INFO  : 'con' command is executed.
13:37:29 INFO  : ----------------XSDB Script (After Launch)----------------
targets -set -nocase -filter {name =~ "ARM*#0" && jtag_cable_name =~ "Xilinx PYNQ-Z1 003017A6E1A5A"} -index 0
con
----------------End of Script----------------

13:37:29 INFO  : Disconnected from the channel tcfchan#2.
13:38:25 INFO  : 'targets -set -filter {jtag_cable_name =~ "Xilinx PYNQ-Z1 003017A6E1A5A" && level==0} -index 1' command is executed.
13:38:25 INFO  : 'fpga -state' command is executed.
13:38:25 INFO  : Connected to target on host '127.0.0.1' and port '3121'.
13:38:25 INFO  : Jtag cable 'Xilinx PYNQ-Z1 003017A6E1A5A' is selected.
13:38:25 INFO  : 'jtag frequency' command is executed.
13:38:25 INFO  : Sourcing of 'C:/FPGAJosieVivian/ZynqComputer/ZynqComputer.sdk/Zynq_CPU_wrapper_hw_platform_0/ps7_init.tcl' is done.
13:38:25 INFO  : Context for 'APU' is selected.
13:38:27 INFO  : Hardware design information is loaded from 'C:/FPGAJosieVivian/ZynqComputer/ZynqComputer.sdk/Zynq_CPU_wrapper_hw_platform_0/system.hdf'.
13:38:27 INFO  : 'configparams force-mem-access 1' command is executed.
13:38:27 INFO  : Context for 'APU' is selected.
13:38:27 INFO  : 'stop' command is executed.
13:38:28 INFO  : 'ps7_init' command is executed.
13:38:28 INFO  : 'ps7_post_config' command is executed.
13:38:28 INFO  : Context for processor 'ps7_cortexa9_0' is selected.
13:38:28 INFO  : Processor reset is completed for 'ps7_cortexa9_0'.
13:38:28 INFO  : Context for processor 'ps7_cortexa9_0' is selected.
13:38:28 INFO  : The application 'C:/FPGAJosieVivian/ZynqComputer/ZynqComputer.sdk/hello_world/Debug/hello_world.elf' is downloaded to processor 'ps7_cortexa9_0'.
13:38:28 INFO  : 'configparams force-mem-access 0' command is executed.
13:38:28 INFO  : ----------------XSDB Script----------------
connect -url tcp:127.0.0.1:3121
source C:/FPGAJosieVivian/ZynqComputer/ZynqComputer.sdk/Zynq_CPU_wrapper_hw_platform_0/ps7_init.tcl
targets -set -nocase -filter {name =~"APU*" && jtag_cable_name =~ "Xilinx PYNQ-Z1 003017A6E1A5A"} -index 0
loadhw -hw C:/FPGAJosieVivian/ZynqComputer/ZynqComputer.sdk/Zynq_CPU_wrapper_hw_platform_0/system.hdf -mem-ranges [list {0x40000000 0xbfffffff}]
configparams force-mem-access 1
targets -set -nocase -filter {name =~"APU*" && jtag_cable_name =~ "Xilinx PYNQ-Z1 003017A6E1A5A"} -index 0
stop
ps7_init
ps7_post_config
targets -set -nocase -filter {name =~ "ARM*#0" && jtag_cable_name =~ "Xilinx PYNQ-Z1 003017A6E1A5A"} -index 0
rst -processor
targets -set -nocase -filter {name =~ "ARM*#0" && jtag_cable_name =~ "Xilinx PYNQ-Z1 003017A6E1A5A"} -index 0
dow C:/FPGAJosieVivian/ZynqComputer/ZynqComputer.sdk/hello_world/Debug/hello_world.elf
configparams force-mem-access 0
----------------End of Script----------------

13:38:28 INFO  : Context for processor 'ps7_cortexa9_0' is selected.
13:38:28 INFO  : 'con' command is executed.
13:38:28 INFO  : ----------------XSDB Script (After Launch)----------------
targets -set -nocase -filter {name =~ "ARM*#0" && jtag_cable_name =~ "Xilinx PYNQ-Z1 003017A6E1A5A"} -index 0
con
----------------End of Script----------------

13:38:28 INFO  : Disconnected from the channel tcfchan#3.
13:38:36 INFO  : 'targets -set -filter {jtag_cable_name =~ "Xilinx PYNQ-Z1 003017A6E1A5A" && level==0} -index 1' command is executed.
13:38:36 INFO  : 'fpga -state' command is executed.
13:38:36 INFO  : Connected to target on host '127.0.0.1' and port '3121'.
13:38:37 INFO  : Jtag cable 'Xilinx PYNQ-Z1 003017A6E1A5A' is selected.
13:38:37 INFO  : 'jtag frequency' command is executed.
13:38:37 INFO  : Sourcing of 'C:/FPGAJosieVivian/ZynqComputer/ZynqComputer.sdk/Zynq_CPU_wrapper_hw_platform_0/ps7_init.tcl' is done.
13:38:37 INFO  : Context for 'APU' is selected.
13:38:39 INFO  : Hardware design information is loaded from 'C:/FPGAJosieVivian/ZynqComputer/ZynqComputer.sdk/Zynq_CPU_wrapper_hw_platform_0/system.hdf'.
13:38:39 INFO  : 'configparams force-mem-access 1' command is executed.
13:38:39 INFO  : Context for 'APU' is selected.
13:38:39 INFO  : 'stop' command is executed.
13:38:39 INFO  : 'ps7_init' command is executed.
13:38:39 INFO  : 'ps7_post_config' command is executed.
13:38:39 INFO  : Context for processor 'ps7_cortexa9_0' is selected.
13:38:39 INFO  : Processor reset is completed for 'ps7_cortexa9_0'.
13:38:40 INFO  : Context for processor 'ps7_cortexa9_0' is selected.
13:38:40 INFO  : The application 'C:/FPGAJosieVivian/ZynqComputer/ZynqComputer.sdk/hello_world/Debug/hello_world.elf' is downloaded to processor 'ps7_cortexa9_0'.
13:38:40 INFO  : 'configparams force-mem-access 0' command is executed.
13:38:40 INFO  : ----------------XSDB Script----------------
connect -url tcp:127.0.0.1:3121
source C:/FPGAJosieVivian/ZynqComputer/ZynqComputer.sdk/Zynq_CPU_wrapper_hw_platform_0/ps7_init.tcl
targets -set -nocase -filter {name =~"APU*" && jtag_cable_name =~ "Xilinx PYNQ-Z1 003017A6E1A5A"} -index 0
loadhw -hw C:/FPGAJosieVivian/ZynqComputer/ZynqComputer.sdk/Zynq_CPU_wrapper_hw_platform_0/system.hdf -mem-ranges [list {0x40000000 0xbfffffff}]
configparams force-mem-access 1
targets -set -nocase -filter {name =~"APU*" && jtag_cable_name =~ "Xilinx PYNQ-Z1 003017A6E1A5A"} -index 0
stop
ps7_init
ps7_post_config
targets -set -nocase -filter {name =~ "ARM*#0" && jtag_cable_name =~ "Xilinx PYNQ-Z1 003017A6E1A5A"} -index 0
rst -processor
targets -set -nocase -filter {name =~ "ARM*#0" && jtag_cable_name =~ "Xilinx PYNQ-Z1 003017A6E1A5A"} -index 0
dow C:/FPGAJosieVivian/ZynqComputer/ZynqComputer.sdk/hello_world/Debug/hello_world.elf
configparams force-mem-access 0
----------------End of Script----------------

13:38:40 INFO  : Context for processor 'ps7_cortexa9_0' is selected.
13:38:40 INFO  : 'con' command is executed.
13:38:40 INFO  : ----------------XSDB Script (After Launch)----------------
targets -set -nocase -filter {name =~ "ARM*#0" && jtag_cable_name =~ "Xilinx PYNQ-Z1 003017A6E1A5A"} -index 0
con
----------------End of Script----------------

13:38:40 INFO  : Disconnected from the channel tcfchan#4.
13:56:20 INFO  : Registering command handlers for SDK TCF services
13:56:21 INFO  : Launching XSCT server: xsct.bat -interactive C:\FPGAJosieVivian\ZynqComputerExtended\ZynqComputer.sdk\temp_xsdb_launch_script.tcl
13:56:24 INFO  : XSCT server has started successfully.
13:56:26 INFO  : Successfully done setting XSCT server connection channel  
13:56:26 INFO  : Processing command line option -hwspec C:/FPGAJosieVivian/ZynqComputerExtended/ZynqComputer.sdk/Zynq_CPU_wrapper.hdf.
13:56:26 INFO  : Successfully done setting SDK workspace  
14:17:06 INFO  : Registering command handlers for SDK TCF services
14:17:07 INFO  : Launching XSCT server: xsct.bat -interactive C:\FPGAJosieVivian\ZynqComputerExtended\ZynqComputer.sdk\temp_xsdb_launch_script.tcl
14:17:09 INFO  : XSCT server has started successfully.
14:17:09 INFO  : Successfully done setting XSCT server connection channel  
14:17:09 INFO  : Processing command line option -hwspec C:/FPGAJosieVivian/ZynqComputerExtended/ZynqComputer.sdk/Zynq_CPU_wrapper.hdf.
14:17:09 INFO  : Successfully done setting SDK workspace  
14:22:17 INFO  : Connected to target on host '127.0.0.1' and port '3121'.
14:22:21 INFO  : 'targets -set -filter {jtag_cable_name =~ "Xilinx PYNQ-Z1 003017A6DD62A" && level==0} -index 1' command is executed.
14:22:23 INFO  : FPGA configured successfully with bitstream "C:/FPGAJosieVivian/ZynqComputerExtended/ZynqComputer.sdk/Zynq_CPU_wrapper_hw_platform_2/Zynq_CPU_wrapper.bit"
14:23:23 INFO  : 'targets -set -filter {jtag_cable_name =~ "Xilinx PYNQ-Z1 003017A6DD62A" && level==0} -index 1' command is executed.
14:23:23 INFO  : 'fpga -state' command is executed.
14:23:23 INFO  : Connected to target on host '127.0.0.1' and port '3121'.
14:23:24 INFO  : Jtag cable 'Xilinx PYNQ-Z1 003017A6DD62A' is selected.
14:23:24 INFO  : 'jtag frequency' command is executed.
14:23:24 INFO  : Sourcing of 'C:/FPGAJosieVivian/ZynqComputerExtended/ZynqComputer.sdk/Zynq_CPU_wrapper_hw_platform_2/ps7_init.tcl' is done.
14:23:24 INFO  : Context for 'APU' is selected.
14:23:24 INFO  : Hardware design information is loaded from 'C:/FPGAJosieVivian/ZynqComputerExtended/ZynqComputer.sdk/Zynq_CPU_wrapper_hw_platform_2/system.hdf'.
14:23:24 INFO  : 'configparams force-mem-access 1' command is executed.
14:23:24 INFO  : Context for 'APU' is selected.
14:23:24 INFO  : 'stop' command is executed.
14:23:25 INFO  : 'ps7_init' command is executed.
14:23:25 INFO  : 'ps7_post_config' command is executed.
14:23:25 INFO  : Context for processor 'ps7_cortexa9_0' is selected.
14:23:25 INFO  : Processor reset is completed for 'ps7_cortexa9_0'.
14:23:25 INFO  : Context for processor 'ps7_cortexa9_0' is selected.
14:23:25 INFO  : The application 'C:/FPGAJosieVivian/ZynqComputerExtended/ZynqComputer.sdk/hello_rtl_multiplier/Debug/hello_rtl_multiplier.elf' is downloaded to processor 'ps7_cortexa9_0'.
14:23:25 INFO  : 'configparams force-mem-access 0' command is executed.
14:23:25 INFO  : ----------------XSDB Script----------------
connect -url tcp:127.0.0.1:3121
source C:/FPGAJosieVivian/ZynqComputerExtended/ZynqComputer.sdk/Zynq_CPU_wrapper_hw_platform_2/ps7_init.tcl
targets -set -nocase -filter {name =~"APU*" && jtag_cable_name =~ "Xilinx PYNQ-Z1 003017A6DD62A"} -index 0
loadhw -hw C:/FPGAJosieVivian/ZynqComputerExtended/ZynqComputer.sdk/Zynq_CPU_wrapper_hw_platform_2/system.hdf -mem-ranges [list {0x40000000 0xbfffffff}]
configparams force-mem-access 1
targets -set -nocase -filter {name =~"APU*" && jtag_cable_name =~ "Xilinx PYNQ-Z1 003017A6DD62A"} -index 0
stop
ps7_init
ps7_post_config
targets -set -nocase -filter {name =~ "ARM*#0" && jtag_cable_name =~ "Xilinx PYNQ-Z1 003017A6DD62A"} -index 0
rst -processor
targets -set -nocase -filter {name =~ "ARM*#0" && jtag_cable_name =~ "Xilinx PYNQ-Z1 003017A6DD62A"} -index 0
dow C:/FPGAJosieVivian/ZynqComputerExtended/ZynqComputer.sdk/hello_rtl_multiplier/Debug/hello_rtl_multiplier.elf
configparams force-mem-access 0
----------------End of Script----------------

14:23:25 INFO  : Context for processor 'ps7_cortexa9_0' is selected.
14:23:25 INFO  : 'con' command is executed.
14:23:25 INFO  : ----------------XSDB Script (After Launch)----------------
targets -set -nocase -filter {name =~ "ARM*#0" && jtag_cable_name =~ "Xilinx PYNQ-Z1 003017A6DD62A"} -index 0
con
----------------End of Script----------------

14:23:25 INFO  : Disconnected from the channel tcfchan#1.
13:02:21 INFO  : Registering command handlers for SDK TCF services
13:02:22 INFO  : Launching XSCT server: xsct.bat -interactive C:\FPGAJosieVivian\ZynqComputerExtended\ZynqComputer.sdk\temp_xsdb_launch_script.tcl
13:02:25 INFO  : XSCT server has started successfully.
13:02:27 INFO  : Successfully done setting XSCT server connection channel  
13:02:27 INFO  : Processing command line option -hwspec C:/FPGAJosieVivian/ZynqComputerExtended/ZynqComputer.sdk/Zynq_CPU_wrapper.hdf.
13:02:27 INFO  : Successfully done setting SDK workspace  
13:02:27 INFO  : Checking for hwspec changes in the project Zynq_CPU_wrapper_hw_platform_2.
13:02:33 INFO  : SDK has detected change in the last modified timestamps for source hardware specification file Source:1553187718830,  Project:1552845180717
13:02:33 INFO  : The hardware specification for project 'Zynq_CPU_wrapper_hw_platform_2' is different from C:/FPGAJosieVivian/ZynqComputerExtended/ZynqComputer.sdk/Zynq_CPU_wrapper.hdf.
13:02:33 INFO  : Copied contents of C:/FPGAJosieVivian/ZynqComputerExtended/ZynqComputer.sdk/Zynq_CPU_wrapper.hdf into \Zynq_CPU_wrapper_hw_platform_2\system.hdf.
13:02:37 INFO  : Synchronizing projects in the workspace with the hardware platform specification changes.
13:02:41 INFO  : 
13:02:42 INFO  : Updating hardware inferred compiler options for hello_rtl_multiplier.
13:02:42 INFO  : Clearing existing target manager status.
13:07:50 INFO  : 'targets -set -filter {jtag_cable_name =~ "Xilinx PYNQ-Z1 003017A6DA5AA" && level==0} -index 1' command is executed.
13:07:50 INFO  : 'fpga -state' command is executed.
13:08:12 INFO  : Connected to target on host '127.0.0.1' and port '3121'.
13:08:12 INFO  : Jtag cable 'Xilinx PYNQ-Z1 003017A6DA5AA' is selected.
13:08:12 INFO  : 'jtag frequency' command is executed.
13:08:12 INFO  : Sourcing of 'C:/FPGAJosieVivian/ZynqComputerExtended/ZynqComputer.sdk/Zynq_CPU_wrapper_hw_platform_2/ps7_init.tcl' is done.
13:08:13 INFO  : Context for 'APU' is selected.
13:08:13 INFO  : Hardware design information is loaded from 'C:/FPGAJosieVivian/ZynqComputerExtended/ZynqComputer.sdk/Zynq_CPU_wrapper_hw_platform_2/system.hdf'.
13:08:13 INFO  : 'configparams force-mem-access 1' command is executed.
13:08:13 INFO  : Context for 'APU' is selected.
13:08:13 INFO  : 'stop' command is executed.
13:08:13 INFO  : 'ps7_init' command is executed.
13:08:13 INFO  : 'ps7_post_config' command is executed.
13:08:13 INFO  : Context for processor 'ps7_cortexa9_0' is selected.
13:08:13 INFO  : Processor reset is completed for 'ps7_cortexa9_0'.
13:08:13 INFO  : Context for processor 'ps7_cortexa9_0' is selected.
13:08:14 INFO  : The application 'C:/FPGAJosieVivian/ZynqComputerExtended/ZynqComputer.sdk/hello_hls_rtl_m/Debug/hello_hls_rtl_m.elf' is downloaded to processor 'ps7_cortexa9_0'.
13:08:14 INFO  : 'configparams force-mem-access 0' command is executed.
13:08:14 INFO  : ----------------XSDB Script----------------
connect -url tcp:127.0.0.1:3121
source C:/FPGAJosieVivian/ZynqComputerExtended/ZynqComputer.sdk/Zynq_CPU_wrapper_hw_platform_2/ps7_init.tcl
targets -set -nocase -filter {name =~"APU*" && jtag_cable_name =~ "Xilinx PYNQ-Z1 003017A6DA5AA"} -index 0
loadhw -hw C:/FPGAJosieVivian/ZynqComputerExtended/ZynqComputer.sdk/Zynq_CPU_wrapper_hw_platform_2/system.hdf -mem-ranges [list {0x40000000 0xbfffffff}]
configparams force-mem-access 1
targets -set -nocase -filter {name =~"APU*" && jtag_cable_name =~ "Xilinx PYNQ-Z1 003017A6DA5AA"} -index 0
stop
ps7_init
ps7_post_config
targets -set -nocase -filter {name =~ "ARM*#0" && jtag_cable_name =~ "Xilinx PYNQ-Z1 003017A6DA5AA"} -index 0
rst -processor
targets -set -nocase -filter {name =~ "ARM*#0" && jtag_cable_name =~ "Xilinx PYNQ-Z1 003017A6DA5AA"} -index 0
dow C:/FPGAJosieVivian/ZynqComputerExtended/ZynqComputer.sdk/hello_hls_rtl_m/Debug/hello_hls_rtl_m.elf
configparams force-mem-access 0
----------------End of Script----------------

13:08:14 INFO  : Context for processor 'ps7_cortexa9_0' is selected.
13:08:14 INFO  : 'con' command is executed.
13:08:14 INFO  : ----------------XSDB Script (After Launch)----------------
targets -set -nocase -filter {name =~ "ARM*#0" && jtag_cable_name =~ "Xilinx PYNQ-Z1 003017A6DA5AA"} -index 0
con
----------------End of Script----------------

13:08:14 INFO  : Disconnected from the channel tcfchan#1.
13:11:13 INFO  : Connected to target on host '127.0.0.1' and port '3121'.
13:13:01 INFO  : SDK has detected change in the last modified timestamps for source hardware specification file Source:1553188357416,  Project:1553187718830
13:13:01 INFO  : Project Zynq_CPU_wrapper_hw_platform_2's source hardware specification located at C:/FPGAJosieVivian/ZynqComputerExtended/ZynqComputer.sdk/Zynq_CPU_wrapper.hdf is now different from the local copy.
		 The local copy will be replaced with the source specification and your workspace will be updated.
13:13:11 INFO  : Project Zynq_CPU_wrapper_hw_platform_2's source hardware specification location will not be monitored anymore.
13:13:28 INFO  : Registering command handlers for SDK TCF services
13:13:29 INFO  : Launching XSCT server: xsct.bat -interactive C:\FPGAJosieVivian\ZynqComputerExtended\ZynqComputer.sdk\temp_xsdb_launch_script.tcl
13:13:31 INFO  : XSCT server has started successfully.
13:13:31 INFO  : Successfully done setting XSCT server connection channel  
13:13:31 INFO  : Processing command line option -hwspec C:/FPGAJosieVivian/ZynqComputerExtended/ZynqComputer.sdk/Zynq_CPU_wrapper.hdf.
13:13:31 INFO  : Successfully done setting SDK workspace  
13:14:27 INFO  : 'targets -set -filter {jtag_cable_name =~ "Xilinx PYNQ-Z1 003017A6DA5AA" && level==0} -index 1' command is executed.
13:14:27 INFO  : 'fpga -state' command is executed.
13:14:30 INFO  : Connected to target on host '127.0.0.1' and port '3121'.
13:14:31 INFO  : Jtag cable 'Xilinx PYNQ-Z1 003017A6DA5AA' is selected.
13:14:31 INFO  : 'jtag frequency' command is executed.
13:14:31 INFO  : Sourcing of 'C:/FPGAJosieVivian/ZynqComputerExtended/ZynqComputer.sdk/Zynq_CPU_wrapper_hw_platform_2/ps7_init.tcl' is done.
13:14:31 INFO  : Context for 'APU' is selected.
13:14:31 INFO  : Hardware design information is loaded from 'C:/FPGAJosieVivian/ZynqComputerExtended/ZynqComputer.sdk/Zynq_CPU_wrapper_hw_platform_2/system.hdf'.
13:14:31 INFO  : 'configparams force-mem-access 1' command is executed.
13:14:31 INFO  : Context for 'APU' is selected.
13:14:31 INFO  : 'stop' command is executed.
13:14:33 INFO  : 'ps7_init' command is executed.
13:14:33 INFO  : 'ps7_post_config' command is executed.
13:14:33 INFO  : Context for processor 'ps7_cortexa9_0' is selected.
13:14:34 INFO  : Processor reset is completed for 'ps7_cortexa9_0'.
13:14:34 INFO  : Context for processor 'ps7_cortexa9_0' is selected.
13:14:36 ERROR : Memory write error at 0x100000. APB AP transaction error, DAP status f0000021
13:14:36 INFO  : ----------------XSDB Script----------------
connect -url tcp:127.0.0.1:3121
source C:/FPGAJosieVivian/ZynqComputerExtended/ZynqComputer.sdk/Zynq_CPU_wrapper_hw_platform_2/ps7_init.tcl
targets -set -nocase -filter {name =~"APU*" && jtag_cable_name =~ "Xilinx PYNQ-Z1 003017A6DA5AA"} -index 0
loadhw -hw C:/FPGAJosieVivian/ZynqComputerExtended/ZynqComputer.sdk/Zynq_CPU_wrapper_hw_platform_2/system.hdf -mem-ranges [list {0x40000000 0xbfffffff}]
configparams force-mem-access 1
targets -set -nocase -filter {name =~"APU*" && jtag_cable_name =~ "Xilinx PYNQ-Z1 003017A6DA5AA"} -index 0
stop
ps7_init
ps7_post_config
targets -set -nocase -filter {name =~ "ARM*#0" && jtag_cable_name =~ "Xilinx PYNQ-Z1 003017A6DA5AA"} -index 0
rst -processor
targets -set -nocase -filter {name =~ "ARM*#0" && jtag_cable_name =~ "Xilinx PYNQ-Z1 003017A6DA5AA"} -index 0
dow C:/FPGAJosieVivian/ZynqComputerExtended/ZynqComputer.sdk/hello_hls_rtl_m/Debug/hello_hls_rtl_m.elf
----------------End of Script----------------

13:15:49 INFO  : Registering command handlers for SDK TCF services
13:15:49 INFO  : Launching XSCT server: xsct.bat -interactive C:\FPGAJosieVivian\ZynqComputerExtended\ZynqComputer.sdk\temp_xsdb_launch_script.tcl
13:15:51 INFO  : XSCT server has started successfully.
13:15:52 INFO  : Processing command line option -hwspec C:/FPGAJosieVivian/ZynqComputerExtended/ZynqComputer.sdk/Zynq_CPU_wrapper.hdf.
13:15:52 INFO  : Successfully done setting XSCT server connection channel  
13:15:55 INFO  : Successfully done setting SDK workspace  
13:15:55 INFO  : Checking for hwspec changes in the project Zynq_CPU_wrapper_hw_platform_0.
13:21:02 INFO  : Registering command handlers for SDK TCF services
13:21:02 INFO  : Launching XSCT server: xsct.bat -interactive C:\FPGAJosieVivian\ZynqComputerExtended\ZynqComputer.sdk\temp_xsdb_launch_script.tcl
13:21:04 INFO  : XSCT server has started successfully.
13:21:05 INFO  : Processing command line option -hwspec C:/FPGAJosieVivian/ZynqComputerExtended/ZynqComputer.sdk/Zynq_CPU_wrapper.hdf.
13:21:05 INFO  : Successfully done setting XSCT server connection channel  
13:21:05 INFO  : Successfully done setting SDK workspace  
13:23:04 INFO  : Registering command handlers for SDK TCF services
13:23:04 INFO  : Launching XSCT server: xsct.bat -interactive C:\FPGAJosieVivian\ZynqComputerExtended\ZynqComputer.sdk\temp_xsdb_launch_script.tcl
13:23:06 INFO  : XSCT server has started successfully.
13:23:06 INFO  : Successfully done setting XSCT server connection channel  
13:23:06 INFO  : Processing command line option -hwspec C:/FPGAJosieVivian/ZynqComputerExtended/ZynqComputer.sdk/Zynq_CPU_wrapper.hdf.
13:23:06 INFO  : Successfully done setting SDK workspace  
13:25:25 INFO  : Connected to target on host '127.0.0.1' and port '3121'.
13:25:29 INFO  : 'targets -set -filter {jtag_cable_name =~ "Xilinx PYNQ-Z1 003017A6DA5AA" && level==0} -index 1' command is executed.
13:25:31 INFO  : FPGA configured successfully with bitstream "C:/FPGAJosieVivian/ZynqComputerExtended/ZynqComputer.sdk/Zynq_CPU_wrapper_hw_platform_0/Zynq_CPU_wrapper.bit"
13:26:02 INFO  : 'targets -set -filter {jtag_cable_name =~ "Xilinx PYNQ-Z1 003017A6DA5AA" && level==0} -index 1' command is executed.
13:26:02 INFO  : 'fpga -state' command is executed.
13:26:02 INFO  : Connected to target on host '127.0.0.1' and port '3121'.
13:26:02 INFO  : Jtag cable 'Xilinx PYNQ-Z1 003017A6DA5AA' is selected.
13:26:02 INFO  : 'jtag frequency' command is executed.
13:26:02 INFO  : Sourcing of 'C:/FPGAJosieVivian/ZynqComputerExtended/ZynqComputer.sdk/Zynq_CPU_wrapper_hw_platform_0/ps7_init.tcl' is done.
13:26:02 INFO  : Context for 'APU' is selected.
13:26:02 INFO  : Hardware design information is loaded from 'C:/FPGAJosieVivian/ZynqComputerExtended/ZynqComputer.sdk/Zynq_CPU_wrapper_hw_platform_0/system.hdf'.
13:26:02 INFO  : 'configparams force-mem-access 1' command is executed.
13:26:02 INFO  : Context for 'APU' is selected.
13:26:02 INFO  : 'stop' command is executed.
13:26:02 ERROR : AP transaction error, DAP status f0000021
13:26:02 INFO  : ----------------XSDB Script----------------
connect -url tcp:127.0.0.1:3121
source C:/FPGAJosieVivian/ZynqComputerExtended/ZynqComputer.sdk/Zynq_CPU_wrapper_hw_platform_0/ps7_init.tcl
targets -set -nocase -filter {name =~"APU*" && jtag_cable_name =~ "Xilinx PYNQ-Z1 003017A6DA5AA"} -index 0
loadhw -hw C:/FPGAJosieVivian/ZynqComputerExtended/ZynqComputer.sdk/Zynq_CPU_wrapper_hw_platform_0/system.hdf -mem-ranges [list {0x40000000 0xbfffffff}]
configparams force-mem-access 1
targets -set -nocase -filter {name =~"APU*" && jtag_cable_name =~ "Xilinx PYNQ-Z1 003017A6DA5AA"} -index 0
stop
ps7_init
----------------End of Script----------------

13:27:59 INFO  : Registering command handlers for SDK TCF services
13:27:59 INFO  : Launching XSCT server: xsct.bat -interactive C:\FPGAJosieVivian\ZynqComputerExtended\ZynqComputer.sdk\temp_xsdb_launch_script.tcl
13:28:01 INFO  : XSCT server has started successfully.
13:28:01 INFO  : Successfully done setting XSCT server connection channel  
13:28:01 INFO  : Processing command line option -hwspec C:/FPGAJosieVivian/ZynqComputerExtended/ZynqComputer.sdk/Zynq_CPU_wrapper.hdf.
13:28:01 INFO  : Successfully done setting SDK workspace  
13:30:58 INFO  : Connected to target on host '127.0.0.1' and port '3121'.
13:31:02 INFO  : 'targets -set -filter {jtag_cable_name =~ "Xilinx PYNQ-Z1 003017A6DA5AA" && level==0} -index 1' command is executed.
13:31:04 INFO  : FPGA configured successfully with bitstream "C:/FPGAJosieVivian/ZynqComputerExtended/ZynqComputer.sdk/Zynq_CPU_wrapper_hw_platform_1/Zynq_CPU_wrapper.bit"
13:31:53 INFO  : Connected to target on host '127.0.0.1' and port '3121'.
13:31:53 INFO  : 'targets -set -filter {jtag_cable_name =~ "Xilinx PYNQ-Z1 003017A6DA5AA" && level==0} -index 1' command is executed.
13:31:55 INFO  : FPGA configured successfully with bitstream "C:/FPGAJosieVivian/ZynqComputerExtended/ZynqComputer.sdk/Zynq_CPU_wrapper_hw_platform_1/Zynq_CPU_wrapper.bit"
13:32:02 INFO  : 'targets -set -filter {jtag_cable_name =~ "Xilinx PYNQ-Z1 003017A6DA5AA" && level==0} -index 1' command is executed.
13:32:02 INFO  : 'fpga -state' command is executed.
13:32:02 INFO  : Connected to target on host '127.0.0.1' and port '3121'.
13:32:03 INFO  : Jtag cable 'Xilinx PYNQ-Z1 003017A6DA5AA' is selected.
13:32:03 INFO  : 'jtag frequency' command is executed.
13:32:03 INFO  : Sourcing of 'C:/FPGAJosieVivian/ZynqComputerExtended/ZynqComputer.sdk/Zynq_CPU_wrapper_hw_platform_1/ps7_init.tcl' is done.
13:32:06 ERROR : no targets found with "name =~"APU*" && jtag_cable_name =~ "Xilinx PYNQ-Z1 003017A6DA5AA"". available targets:
  1  DAP (JTAG port open error. AP transaction error, DAP status 30000021)
  2* xc7z020
13:32:06 INFO  : ----------------XSDB Script----------------
connect -url tcp:127.0.0.1:3121
source C:/FPGAJosieVivian/ZynqComputerExtended/ZynqComputer.sdk/Zynq_CPU_wrapper_hw_platform_1/ps7_init.tcl
targets -set -nocase -filter {name =~"APU*" && jtag_cable_name =~ "Xilinx PYNQ-Z1 003017A6DA5AA"} -index 0
----------------End of Script----------------

13:33:30 INFO  : 'targets -set -filter {jtag_cable_name =~ "Xilinx PYNQ-Z1 003017A6DA5AA" && level==0} -index 1' command is executed.
13:33:30 INFO  : 'fpga -state' command is executed.
13:33:30 INFO  : Connected to target on host '127.0.0.1' and port '3121'.
13:33:31 INFO  : Jtag cable 'Xilinx PYNQ-Z1 003017A6DA5AA' is selected.
13:33:31 INFO  : 'jtag frequency' command is executed.
13:33:31 INFO  : Sourcing of 'C:/FPGAJosieVivian/ZynqComputerExtended/ZynqComputer.sdk/Zynq_CPU_wrapper_hw_platform_1/ps7_init.tcl' is done.
13:33:34 ERROR : no targets found with "name =~"APU*" && jtag_cable_name =~ "Xilinx PYNQ-Z1 003017A6DA5AA"". available targets:
  1  DAP (JTAG port open error. AP transaction error, DAP status 30000021)
  2* xc7z020
13:33:34 INFO  : ----------------XSDB Script----------------
connect -url tcp:127.0.0.1:3121
source C:/FPGAJosieVivian/ZynqComputerExtended/ZynqComputer.sdk/Zynq_CPU_wrapper_hw_platform_1/ps7_init.tcl
targets -set -nocase -filter {name =~"APU*" && jtag_cable_name =~ "Xilinx PYNQ-Z1 003017A6DA5AA"} -index 0
----------------End of Script----------------

13:34:53 INFO  : 'targets -set -filter {jtag_cable_name =~ "Xilinx PYNQ-Z1 003017A6DA5AA" && level==0} -index 1' command is executed.
13:34:53 INFO  : 'fpga -state' command is executed.
13:34:53 INFO  : Connected to target on host '127.0.0.1' and port '3121'.
13:34:53 INFO  : Jtag cable 'Xilinx PYNQ-Z1 003017A6DA5AA' is selected.
13:34:53 INFO  : 'jtag frequency' command is executed.
13:34:53 INFO  : Sourcing of 'C:/FPGAJosieVivian/ZynqComputerExtended/ZynqComputer.sdk/Zynq_CPU_wrapper_hw_platform_1/ps7_init.tcl' is done.
13:34:56 ERROR : no targets found with "name =~"APU*" && jtag_cable_name =~ "Xilinx PYNQ-Z1 003017A6DA5AA"". available targets:
  1  DAP (JTAG port open error. AP transaction error, DAP status 30000021)
  2* xc7z020
13:34:56 INFO  : ----------------XSDB Script----------------
connect -url tcp:127.0.0.1:3121
source C:/FPGAJosieVivian/ZynqComputerExtended/ZynqComputer.sdk/Zynq_CPU_wrapper_hw_platform_1/ps7_init.tcl
targets -set -nocase -filter {name =~"APU*" && jtag_cable_name =~ "Xilinx PYNQ-Z1 003017A6DA5AA"} -index 0
----------------End of Script----------------

13:37:54 INFO  : Registering command handlers for SDK TCF services
13:37:54 INFO  : Launching XSCT server: xsct.bat -interactive C:\FPGAJosieVivian\ZynqComputerExtended\ZynqComputer.sdk\temp_xsdb_launch_script.tcl
13:37:56 INFO  : XSCT server has started successfully.
13:37:56 INFO  : Successfully done setting XSCT server connection channel  
13:37:57 INFO  : Processing command line option -hwspec C:/FPGAJosieVivian/ZynqComputerExtended/ZynqComputer.sdk/Zynq_CPU_wrapper.hdf.
13:37:57 INFO  : Successfully done setting SDK workspace  
13:38:49 INFO  : Registering command handlers for SDK TCF services
13:38:49 INFO  : Launching XSCT server: xsct.bat -interactive C:\FPGAJosieVivian\ZynqComputerExtended\ZynqComputer.sdk\temp_xsdb_launch_script.tcl
13:38:51 INFO  : XSCT server has started successfully.
13:38:51 INFO  : Successfully done setting XSCT server connection channel  
13:38:52 INFO  : Successfully done setting SDK workspace  
13:38:52 INFO  : Processing command line option -hwspec C:/FPGAJosieVivian/ZynqComputerExtended/ZynqComputer.sdk/Zynq_CPU_wrapper.hdf.
13:38:52 INFO  : Checking for hwspec changes in the project Zynq_CPU_wrapper_hw_platform_0.
13:39:12 INFO  : Connected to target on host '127.0.0.1' and port '3121'.
13:39:15 INFO  : 'targets -set -filter {jtag_cable_name =~ "Xilinx PYNQ-Z1 003017A6DA5AA" && level==0} -index 1' command is executed.
13:39:18 INFO  : FPGA configured successfully with bitstream "C:/FPGAJosieVivian/ZynqComputerExtended/ZynqComputer.sdk/Zynq_CPU_wrapper_hw_platform_0/Zynq_CPU_wrapper.bit"
13:40:38 INFO  : 'targets -set -filter {jtag_cable_name =~ "Xilinx PYNQ-Z1 003017A6DA5AA" && level==0} -index 1' command is executed.
13:40:38 INFO  : 'fpga -state' command is executed.
13:40:38 INFO  : Connected to target on host '127.0.0.1' and port '3121'.
13:40:39 INFO  : Jtag cable 'Xilinx PYNQ-Z1 003017A6DA5AA' is selected.
13:40:39 INFO  : 'jtag frequency' command is executed.
13:40:39 INFO  : Sourcing of 'C:/FPGAJosieVivian/ZynqComputerExtended/ZynqComputer.sdk/Zynq_CPU_wrapper_hw_platform_0/ps7_init.tcl' is done.
13:40:39 INFO  : Context for 'APU' is selected.
13:40:39 INFO  : Hardware design information is loaded from 'C:/FPGAJosieVivian/ZynqComputerExtended/ZynqComputer.sdk/Zynq_CPU_wrapper_hw_platform_0/system.hdf'.
13:40:39 INFO  : 'configparams force-mem-access 1' command is executed.
13:40:39 INFO  : Context for 'APU' is selected.
13:40:39 INFO  : 'stop' command is executed.
13:40:40 INFO  : 'ps7_init' command is executed.
13:40:40 INFO  : 'ps7_post_config' command is executed.
13:40:40 INFO  : Context for processor 'ps7_cortexa9_0' is selected.
13:40:40 INFO  : Processor reset is completed for 'ps7_cortexa9_0'.
13:40:40 INFO  : Context for processor 'ps7_cortexa9_0' is selected.
13:40:40 INFO  : The application 'C:/FPGAJosieVivian/ZynqComputerExtended/ZynqComputer.sdk/hello_hls_rtl_m/Debug/hello_hls_rtl_m.elf' is downloaded to processor 'ps7_cortexa9_0'.
13:40:40 INFO  : 'configparams force-mem-access 0' command is executed.
13:40:40 INFO  : ----------------XSDB Script----------------
connect -url tcp:127.0.0.1:3121
source C:/FPGAJosieVivian/ZynqComputerExtended/ZynqComputer.sdk/Zynq_CPU_wrapper_hw_platform_0/ps7_init.tcl
targets -set -nocase -filter {name =~"APU*" && jtag_cable_name =~ "Xilinx PYNQ-Z1 003017A6DA5AA"} -index 0
loadhw -hw C:/FPGAJosieVivian/ZynqComputerExtended/ZynqComputer.sdk/Zynq_CPU_wrapper_hw_platform_0/system.hdf -mem-ranges [list {0x40000000 0xbfffffff}]
configparams force-mem-access 1
targets -set -nocase -filter {name =~"APU*" && jtag_cable_name =~ "Xilinx PYNQ-Z1 003017A6DA5AA"} -index 0
stop
ps7_init
ps7_post_config
targets -set -nocase -filter {name =~ "ARM*#0" && jtag_cable_name =~ "Xilinx PYNQ-Z1 003017A6DA5AA"} -index 0
rst -processor
targets -set -nocase -filter {name =~ "ARM*#0" && jtag_cable_name =~ "Xilinx PYNQ-Z1 003017A6DA5AA"} -index 0
dow C:/FPGAJosieVivian/ZynqComputerExtended/ZynqComputer.sdk/hello_hls_rtl_m/Debug/hello_hls_rtl_m.elf
configparams force-mem-access 0
----------------End of Script----------------

13:40:40 INFO  : Context for processor 'ps7_cortexa9_0' is selected.
13:40:40 INFO  : 'con' command is executed.
13:40:40 INFO  : ----------------XSDB Script (After Launch)----------------
targets -set -nocase -filter {name =~ "ARM*#0" && jtag_cable_name =~ "Xilinx PYNQ-Z1 003017A6DA5AA"} -index 0
con
----------------End of Script----------------

13:40:40 INFO  : Disconnected from the channel tcfchan#1.
