
*** Running vivado
    with args -log Zynq_CPU_rtl_multiplier_0_0.vds -m64 -product Vivado -mode batch -messageDb vivado.pb -notrace -source Zynq_CPU_rtl_multiplier_0_0.tcl


****** Vivado v2018.3 (64-bit)
  **** SW Build 2405991 on Thu Dec  6 23:38:27 MST 2018
  **** IP Build 2404404 on Fri Dec  7 01:43:56 MST 2018
    ** Copyright 1986-2018 Xilinx, Inc. All Rights Reserved.

source Zynq_CPU_rtl_multiplier_0_0.tcl -notrace
INFO: [IP_Flow 19-234] Refreshing IP repositories
INFO: [IP_Flow 19-1700] Loaded user IP repository 'c:/FPGAJosieVivian/ip_repo/rtl_multiplier_1.0'.
INFO: [IP_Flow 19-2313] Loaded Vivado IP repository 'C:/Xilinx/Vivado/2018.3/data/ip'.
Command: synth_design -top Zynq_CPU_rtl_multiplier_0_0 -part xc7z020clg400-1 -mode out_of_context
Starting synth_design
Attempting to get a license for feature 'Synthesis' and/or device 'xc7z020'
INFO: [Common 17-349] Got license for feature 'Synthesis' and/or device 'xc7z020'
INFO: Launching helper process for spawning children vivado processes
INFO: Helper process launched with PID 14000 
---------------------------------------------------------------------------------
Starting RTL Elaboration : Time (s): cpu = 00:00:02 ; elapsed = 00:00:03 . Memory (MB): peak = 394.469 ; gain = 98.906
---------------------------------------------------------------------------------
INFO: [Synth 8-6157] synthesizing module 'Zynq_CPU_rtl_multiplier_0_0' [c:/FPGAJosieVivian/ZynqComputerExtended/ZynqComputer.srcs/sources_1/bd/Zynq_CPU/ip/Zynq_CPU_rtl_multiplier_0_0/synth/Zynq_CPU_rtl_multiplier_0_0.v:56]
INFO: [Synth 8-6157] synthesizing module 'rtl_multiplier_v1_0' [c:/FPGAJosieVivian/ZynqComputerExtended/ZynqComputer.srcs/sources_1/bd/Zynq_CPU/ipshared/5b84/hdl/rtl_multiplier_v1_0.v:4]
	Parameter C_S00_AXI_DATA_WIDTH bound to: 32 - type: integer 
	Parameter C_S00_AXI_ADDR_WIDTH bound to: 4 - type: integer 
INFO: [Synth 8-6157] synthesizing module 'rtl_multiplier_v1_0_S00_AXI' [c:/FPGAJosieVivian/ZynqComputerExtended/ZynqComputer.srcs/sources_1/bd/Zynq_CPU/ipshared/5b84/hdl/rtl_multiplier_v1_0_S00_AXI.v:4]
	Parameter C_S_AXI_DATA_WIDTH bound to: 32 - type: integer 
	Parameter C_S_AXI_ADDR_WIDTH bound to: 4 - type: integer 
	Parameter ADDR_LSB bound to: 2 - type: integer 
	Parameter OPT_MEM_ADDR_BITS bound to: 1 - type: integer 
INFO: [Synth 8-226] default block is never used [c:/FPGAJosieVivian/ZynqComputerExtended/ZynqComputer.srcs/sources_1/bd/Zynq_CPU/ipshared/5b84/hdl/rtl_multiplier_v1_0_S00_AXI.v:231]
INFO: [Synth 8-226] default block is never used [c:/FPGAJosieVivian/ZynqComputerExtended/ZynqComputer.srcs/sources_1/bd/Zynq_CPU/ipshared/5b84/hdl/rtl_multiplier_v1_0_S00_AXI.v:372]
INFO: [Synth 8-6157] synthesizing module 'rtl_multiplier' [c:/FPGAJosieVivian/ZynqComputerExtended/ZynqComputer.srcs/sources_1/bd/Zynq_CPU/ipshared/5b84/src/rtl_multiplier.v:9]
INFO: [Synth 8-6155] done synthesizing module 'rtl_multiplier' (1#1) [c:/FPGAJosieVivian/ZynqComputerExtended/ZynqComputer.srcs/sources_1/bd/Zynq_CPU/ipshared/5b84/src/rtl_multiplier.v:9]
WARNING: [Synth 8-6014] Unused sequential element slv_reg1_reg was removed.  [c:/FPGAJosieVivian/ZynqComputerExtended/ZynqComputer.srcs/sources_1/bd/Zynq_CPU/ipshared/5b84/hdl/rtl_multiplier_v1_0_S00_AXI.v:224]
INFO: [Synth 8-6155] done synthesizing module 'rtl_multiplier_v1_0_S00_AXI' (2#1) [c:/FPGAJosieVivian/ZynqComputerExtended/ZynqComputer.srcs/sources_1/bd/Zynq_CPU/ipshared/5b84/hdl/rtl_multiplier_v1_0_S00_AXI.v:4]
INFO: [Synth 8-6155] done synthesizing module 'rtl_multiplier_v1_0' (3#1) [c:/FPGAJosieVivian/ZynqComputerExtended/ZynqComputer.srcs/sources_1/bd/Zynq_CPU/ipshared/5b84/hdl/rtl_multiplier_v1_0.v:4]
INFO: [Synth 8-6155] done synthesizing module 'Zynq_CPU_rtl_multiplier_0_0' (4#1) [c:/FPGAJosieVivian/ZynqComputerExtended/ZynqComputer.srcs/sources_1/bd/Zynq_CPU/ip/Zynq_CPU_rtl_multiplier_0_0/synth/Zynq_CPU_rtl_multiplier_0_0.v:56]
WARNING: [Synth 8-3331] design rtl_multiplier_v1_0_S00_AXI has unconnected port S_AXI_AWPROT[2]
WARNING: [Synth 8-3331] design rtl_multiplier_v1_0_S00_AXI has unconnected port S_AXI_AWPROT[1]
WARNING: [Synth 8-3331] design rtl_multiplier_v1_0_S00_AXI has unconnected port S_AXI_AWPROT[0]
WARNING: [Synth 8-3331] design rtl_multiplier_v1_0_S00_AXI has unconnected port S_AXI_ARPROT[2]
WARNING: [Synth 8-3331] design rtl_multiplier_v1_0_S00_AXI has unconnected port S_AXI_ARPROT[1]
WARNING: [Synth 8-3331] design rtl_multiplier_v1_0_S00_AXI has unconnected port S_AXI_ARPROT[0]
---------------------------------------------------------------------------------
Finished RTL Elaboration : Time (s): cpu = 00:00:03 ; elapsed = 00:00:04 . Memory (MB): peak = 450.785 ; gain = 155.223
---------------------------------------------------------------------------------

Report Check Netlist: 
+------+------------------+-------+---------+-------+------------------+
|      |Item              |Errors |Warnings |Status |Description       |
+------+------------------+-------+---------+-------+------------------+
|1     |multi_driven_nets |      0|        0|Passed |Multi driven nets |
+------+------------------+-------+---------+-------+------------------+
---------------------------------------------------------------------------------
Start Handling Custom Attributes
---------------------------------------------------------------------------------
---------------------------------------------------------------------------------
Finished Handling Custom Attributes : Time (s): cpu = 00:00:03 ; elapsed = 00:00:04 . Memory (MB): peak = 450.785 ; gain = 155.223
---------------------------------------------------------------------------------
---------------------------------------------------------------------------------
Finished RTL Optimization Phase 1 : Time (s): cpu = 00:00:03 ; elapsed = 00:00:04 . Memory (MB): peak = 450.785 ; gain = 155.223
---------------------------------------------------------------------------------
INFO: [Device 21-403] Loading part xc7z020clg400-1
INFO: [Project 1-570] Preparing netlist for logic optimization

Processing XDC Constraints
Initializing timing engine
Completed Processing XDC Constraints

Netlist sorting complete. Time (s): cpu = 00:00:00 ; elapsed = 00:00:00 . Memory (MB): peak = 788.945 ; gain = 0.000
INFO: [Project 1-111] Unisim Transformation Summary:
No Unisim elements were transformed.

Netlist sorting complete. Time (s): cpu = 00:00:00 ; elapsed = 00:00:00 . Memory (MB): peak = 788.945 ; gain = 0.000
WARNING: [Constraints 18-5210] No constraints selected for write.
Resolution: This message can indicate that there are no constraints for the design, or it can indicate that the used_in flags are set such that the constraints are ignored. This later case is used when running synth_design to not write synthesis constraints to the resulting checkpoint. Instead, project constraints are read when the synthesized design is opened.
Constraint Validation Runtime : Time (s): cpu = 00:00:00 ; elapsed = 00:00:00.074 . Memory (MB): peak = 791.004 ; gain = 2.059
---------------------------------------------------------------------------------
Finished Constraint Validation : Time (s): cpu = 00:00:11 ; elapsed = 00:00:12 . Memory (MB): peak = 791.004 ; gain = 495.441
---------------------------------------------------------------------------------
---------------------------------------------------------------------------------
Start Loading Part and Timing Information
---------------------------------------------------------------------------------
Loading part: xc7z020clg400-1
---------------------------------------------------------------------------------
Finished Loading Part and Timing Information : Time (s): cpu = 00:00:11 ; elapsed = 00:00:12 . Memory (MB): peak = 791.004 ; gain = 495.441
---------------------------------------------------------------------------------
---------------------------------------------------------------------------------
Start Applying 'set_property' XDC Constraints
---------------------------------------------------------------------------------
---------------------------------------------------------------------------------
Finished applying 'set_property' XDC Constraints : Time (s): cpu = 00:00:11 ; elapsed = 00:00:12 . Memory (MB): peak = 791.004 ; gain = 495.441
---------------------------------------------------------------------------------
---------------------------------------------------------------------------------
Finished RTL Optimization Phase 2 : Time (s): cpu = 00:00:11 ; elapsed = 00:00:13 . Memory (MB): peak = 791.004 ; gain = 495.441
---------------------------------------------------------------------------------

Report RTL Partitions: 
+-+--------------+------------+----------+
| |RTL Partition |Replication |Instances |
+-+--------------+------------+----------+
+-+--------------+------------+----------+
---------------------------------------------------------------------------------
Start RTL Component Statistics 
---------------------------------------------------------------------------------
Detailed RTL Component Info : 
+---Registers : 
	               32 Bit    Registers := 4     
	                4 Bit    Registers := 2     
	                2 Bit    Registers := 2     
	                1 Bit    Registers := 6     
+---Muxes : 
	   2 Input     32 Bit        Muxes := 3     
	   4 Input     32 Bit        Muxes := 4     
	   2 Input      1 Bit        Muxes := 5     
---------------------------------------------------------------------------------
Finished RTL Component Statistics 
---------------------------------------------------------------------------------
---------------------------------------------------------------------------------
Start RTL Hierarchical Component Statistics 
---------------------------------------------------------------------------------
Hierarchical RTL Component report 
Module rtl_multiplier_v1_0_S00_AXI 
Detailed RTL Component Info : 
+---Registers : 
	               32 Bit    Registers := 4     
	                4 Bit    Registers := 2     
	                2 Bit    Registers := 2     
	                1 Bit    Registers := 6     
+---Muxes : 
	   2 Input     32 Bit        Muxes := 3     
	   4 Input     32 Bit        Muxes := 4     
	   2 Input      1 Bit        Muxes := 5     
---------------------------------------------------------------------------------
Finished RTL Hierarchical Component Statistics
---------------------------------------------------------------------------------
---------------------------------------------------------------------------------
Start Part Resource Summary
---------------------------------------------------------------------------------
Part Resources:
DSPs: 220 (col length:60)
BRAMs: 280 (col length: RAMB18 60 RAMB36 30)
---------------------------------------------------------------------------------
Finished Part Resource Summary
---------------------------------------------------------------------------------
---------------------------------------------------------------------------------
Start Cross Boundary and Area Optimization
---------------------------------------------------------------------------------
Warning: Parallel synthesis criteria is not met 
DSP Report: Generating DSP inst/rtl_multiplier_v1_0_S00_AXI_inst/rtl_mult_instance_01/productReg_reg, operation Mode is: (A*B)'.
DSP Report: register inst/rtl_multiplier_v1_0_S00_AXI_inst/rtl_mult_instance_01/productReg_reg is absorbed into DSP inst/rtl_multiplier_v1_0_S00_AXI_inst/rtl_mult_instance_01/productReg_reg.
DSP Report: operator inst/rtl_multiplier_v1_0_S00_AXI_inst/rtl_mult_instance_01/productReg0 is absorbed into DSP inst/rtl_multiplier_v1_0_S00_AXI_inst/rtl_mult_instance_01/productReg_reg.
WARNING: [Synth 8-3331] design Zynq_CPU_rtl_multiplier_0_0 has unconnected port s00_axi_awprot[2]
WARNING: [Synth 8-3331] design Zynq_CPU_rtl_multiplier_0_0 has unconnected port s00_axi_awprot[1]
WARNING: [Synth 8-3331] design Zynq_CPU_rtl_multiplier_0_0 has unconnected port s00_axi_awprot[0]
WARNING: [Synth 8-3331] design Zynq_CPU_rtl_multiplier_0_0 has unconnected port s00_axi_arprot[2]
WARNING: [Synth 8-3331] design Zynq_CPU_rtl_multiplier_0_0 has unconnected port s00_axi_arprot[1]
WARNING: [Synth 8-3331] design Zynq_CPU_rtl_multiplier_0_0 has unconnected port s00_axi_arprot[0]
INFO: [Synth 8-3886] merging instance 'inst/rtl_multiplier_v1_0_S00_AXI_inst/axi_rresp_reg[0]' (FDRE) to 'inst/rtl_multiplier_v1_0_S00_AXI_inst/axi_rresp_reg[1]'
INFO: [Synth 8-3333] propagating constant 0 across sequential element (\inst/rtl_multiplier_v1_0_S00_AXI_inst/axi_rresp_reg[1] )
INFO: [Synth 8-3886] merging instance 'inst/rtl_multiplier_v1_0_S00_AXI_inst/axi_bresp_reg[0]' (FDRE) to 'inst/rtl_multiplier_v1_0_S00_AXI_inst/axi_bresp_reg[1]'
INFO: [Synth 8-3333] propagating constant 0 across sequential element (\inst/rtl_multiplier_v1_0_S00_AXI_inst/axi_bresp_reg[1] )
---------------------------------------------------------------------------------
Finished Cross Boundary and Area Optimization : Time (s): cpu = 00:00:12 ; elapsed = 00:00:14 . Memory (MB): peak = 791.004 ; gain = 495.441
---------------------------------------------------------------------------------
---------------------------------------------------------------------------------
Start ROM, RAM, DSP and Shift Register Reporting
---------------------------------------------------------------------------------

DSP: Preliminary Mapping  Report (see note below)
+---------------+-------------+--------+--------+--------+--------+--------+------+------+------+------+-------+------+------+
|Module Name    | DSP Mapping | A Size | B Size | C Size | D Size | P Size | AREG | BREG | CREG | DREG | ADREG | MREG | PREG | 
+---------------+-------------+--------+--------+--------+--------+--------+------+------+------+------+-------+------+------+
|rtl_multiplier | (A*B)'      | 16     | 16     | -      | -      | 32     | 0    | 0    | -    | -    | -     | 1    | 0    | 
+---------------+-------------+--------+--------+--------+--------+--------+------+------+------+------+-------+------+------+

Note: The table above is a preliminary report that shows the DSPs inferred at the current stage of the synthesis flow. Some DSP may be reimplemented as non DSP primitives later in the synthesis flow. Multiple instantiated DSPs are reported only once.
---------------------------------------------------------------------------------
Finished ROM, RAM, DSP and Shift Register Reporting
---------------------------------------------------------------------------------

Report RTL Partitions: 
+-+--------------+------------+----------+
| |RTL Partition |Replication |Instances |
+-+--------------+------------+----------+
+-+--------------+------------+----------+
---------------------------------------------------------------------------------
Start Applying XDC Timing Constraints
---------------------------------------------------------------------------------
---------------------------------------------------------------------------------
Finished Applying XDC Timing Constraints : Time (s): cpu = 00:00:25 ; elapsed = 00:00:26 . Memory (MB): peak = 836.816 ; gain = 541.254
---------------------------------------------------------------------------------
---------------------------------------------------------------------------------
Start Timing Optimization
---------------------------------------------------------------------------------
---------------------------------------------------------------------------------
Finished Timing Optimization : Time (s): cpu = 00:00:25 ; elapsed = 00:00:26 . Memory (MB): peak = 837.039 ; gain = 541.477
---------------------------------------------------------------------------------

Report RTL Partitions: 
+-+--------------+------------+----------+
| |RTL Partition |Replication |Instances |
+-+--------------+------------+----------+
+-+--------------+------------+----------+
---------------------------------------------------------------------------------
Start Technology Mapping
---------------------------------------------------------------------------------
---------------------------------------------------------------------------------
Finished Technology Mapping : Time (s): cpu = 00:00:25 ; elapsed = 00:00:26 . Memory (MB): peak = 847.527 ; gain = 551.965
---------------------------------------------------------------------------------

Report RTL Partitions: 
+-+--------------+------------+----------+
| |RTL Partition |Replication |Instances |
+-+--------------+------------+----------+
+-+--------------+------------+----------+
---------------------------------------------------------------------------------
Start IO Insertion
---------------------------------------------------------------------------------
---------------------------------------------------------------------------------
Start Flattening Before IO Insertion
---------------------------------------------------------------------------------
---------------------------------------------------------------------------------
Finished Flattening Before IO Insertion
---------------------------------------------------------------------------------
---------------------------------------------------------------------------------
Start Final Netlist Cleanup
---------------------------------------------------------------------------------
---------------------------------------------------------------------------------
Finished Final Netlist Cleanup
---------------------------------------------------------------------------------
---------------------------------------------------------------------------------
Finished IO Insertion : Time (s): cpu = 00:00:26 ; elapsed = 00:00:27 . Memory (MB): peak = 847.527 ; gain = 551.965
---------------------------------------------------------------------------------

Report Check Netlist: 
+------+------------------+-------+---------+-------+------------------+
|      |Item              |Errors |Warnings |Status |Description       |
+------+------------------+-------+---------+-------+------------------+
|1     |multi_driven_nets |      0|        0|Passed |Multi driven nets |
+------+------------------+-------+---------+-------+------------------+
---------------------------------------------------------------------------------
Start Renaming Generated Instances
---------------------------------------------------------------------------------
---------------------------------------------------------------------------------
Finished Renaming Generated Instances : Time (s): cpu = 00:00:26 ; elapsed = 00:00:27 . Memory (MB): peak = 847.527 ; gain = 551.965
---------------------------------------------------------------------------------

Report RTL Partitions: 
+-+--------------+------------+----------+
| |RTL Partition |Replication |Instances |
+-+--------------+------------+----------+
+-+--------------+------------+----------+
---------------------------------------------------------------------------------
Start Rebuilding User Hierarchy
---------------------------------------------------------------------------------
---------------------------------------------------------------------------------
Finished Rebuilding User Hierarchy : Time (s): cpu = 00:00:26 ; elapsed = 00:00:27 . Memory (MB): peak = 847.527 ; gain = 551.965
---------------------------------------------------------------------------------
---------------------------------------------------------------------------------
Start Renaming Generated Ports
---------------------------------------------------------------------------------
---------------------------------------------------------------------------------
Finished Renaming Generated Ports : Time (s): cpu = 00:00:26 ; elapsed = 00:00:27 . Memory (MB): peak = 847.527 ; gain = 551.965
---------------------------------------------------------------------------------
---------------------------------------------------------------------------------
Start Handling Custom Attributes
---------------------------------------------------------------------------------
---------------------------------------------------------------------------------
Finished Handling Custom Attributes : Time (s): cpu = 00:00:26 ; elapsed = 00:00:27 . Memory (MB): peak = 847.527 ; gain = 551.965
---------------------------------------------------------------------------------
---------------------------------------------------------------------------------
Start Renaming Generated Nets
---------------------------------------------------------------------------------
---------------------------------------------------------------------------------
Finished Renaming Generated Nets : Time (s): cpu = 00:00:26 ; elapsed = 00:00:27 . Memory (MB): peak = 847.527 ; gain = 551.965
---------------------------------------------------------------------------------
---------------------------------------------------------------------------------
Start Writing Synthesis Report
---------------------------------------------------------------------------------

Report BlackBoxes: 
+-+--------------+----------+
| |BlackBox name |Instances |
+-+--------------+----------+
+-+--------------+----------+

Report Cell Usage: 
+------+----------+------+
|      |Cell      |Count |
+------+----------+------+
|1     |DSP48E1_1 |     1|
|2     |LUT1      |     1|
|3     |LUT2      |     1|
|4     |LUT3      |     1|
|5     |LUT4      |    18|
|6     |LUT6      |    36|
|7     |FDRE      |   137|
|8     |FDSE      |     1|
+------+----------+------+

Report Instance Areas: 
+------+-------------------------------------+----------------------------+------+
|      |Instance                             |Module                      |Cells |
+------+-------------------------------------+----------------------------+------+
|1     |top                                  |                            |   196|
|2     |  inst                               |rtl_multiplier_v1_0         |   196|
|3     |    rtl_multiplier_v1_0_S00_AXI_inst |rtl_multiplier_v1_0_S00_AXI |   196|
|4     |      rtl_mult_instance_01           |rtl_multiplier              |     1|
+------+-------------------------------------+----------------------------+------+
---------------------------------------------------------------------------------
Finished Writing Synthesis Report : Time (s): cpu = 00:00:26 ; elapsed = 00:00:27 . Memory (MB): peak = 847.527 ; gain = 551.965
---------------------------------------------------------------------------------
Synthesis finished with 0 errors, 0 critical warnings and 6 warnings.
Synthesis Optimization Runtime : Time (s): cpu = 00:00:17 ; elapsed = 00:00:21 . Memory (MB): peak = 847.527 ; gain = 211.746
Synthesis Optimization Complete : Time (s): cpu = 00:00:26 ; elapsed = 00:00:28 . Memory (MB): peak = 847.527 ; gain = 551.965
INFO: [Project 1-571] Translating synthesized netlist
INFO: [Netlist 29-17] Analyzing 1 Unisim elements for replacement
INFO: [Netlist 29-28] Unisim Transformation completed in 0 CPU seconds
INFO: [Project 1-570] Preparing netlist for logic optimization
INFO: [Opt 31-138] Pushed 0 inverter(s) to 0 load pin(s).
Netlist sorting complete. Time (s): cpu = 00:00:00 ; elapsed = 00:00:00 . Memory (MB): peak = 847.527 ; gain = 0.000
INFO: [Project 1-111] Unisim Transformation Summary:
No Unisim elements were transformed.

INFO: [Common 17-83] Releasing license: Synthesis
28 Infos, 14 Warnings, 0 Critical Warnings and 0 Errors encountered.
synth_design completed successfully
synth_design: Time (s): cpu = 00:00:28 ; elapsed = 00:00:30 . Memory (MB): peak = 847.527 ; gain = 560.590
Netlist sorting complete. Time (s): cpu = 00:00:00 ; elapsed = 00:00:00 . Memory (MB): peak = 847.527 ; gain = 0.000
WARNING: [Constraints 18-5210] No constraints selected for write.
Resolution: This message can indicate that there are no constraints for the design, or it can indicate that the used_in flags are set such that the constraints are ignored. This later case is used when running synth_design to not write synthesis constraints to the resulting checkpoint. Instead, project constraints are read when the synthesized design is opened.
INFO: [Common 17-1381] The checkpoint 'C:/FPGAJosieVivian/ZynqComputerExtended/ZynqComputer.runs/Zynq_CPU_rtl_multiplier_0_0_synth_1/Zynq_CPU_rtl_multiplier_0_0.dcp' has been generated.
INFO: [Coretcl 2-1648] Added synthesis output to IP cache for IP Zynq_CPU_rtl_multiplier_0_0, cache-ID = c5c57ba4e780a165
INFO: [Coretcl 2-1174] Renamed 3 cell refs.
Netlist sorting complete. Time (s): cpu = 00:00:00 ; elapsed = 00:00:00 . Memory (MB): peak = 847.527 ; gain = 0.000
WARNING: [Constraints 18-5210] No constraints selected for write.
Resolution: This message can indicate that there are no constraints for the design, or it can indicate that the used_in flags are set such that the constraints are ignored. This later case is used when running synth_design to not write synthesis constraints to the resulting checkpoint. Instead, project constraints are read when the synthesized design is opened.
INFO: [Common 17-1381] The checkpoint 'C:/FPGAJosieVivian/ZynqComputerExtended/ZynqComputer.runs/Zynq_CPU_rtl_multiplier_0_0_synth_1/Zynq_CPU_rtl_multiplier_0_0.dcp' has been generated.
INFO: [runtcl-4] Executing : report_utilization -file Zynq_CPU_rtl_multiplier_0_0_utilization_synth.rpt -pb Zynq_CPU_rtl_multiplier_0_0_utilization_synth.pb
INFO: [Common 17-206] Exiting Vivado at Sun Mar 17 13:50:18 2019...
