13:22:44 INFO  : Registering command handlers for SDK TCF services
13:22:45 INFO  : Launching XSCT server: xsct.bat -interactive C:\FPGAJosieVivian\ZynqComputer\ZynqComputer.sdk\temp_xsdb_launch_script.tcl
13:22:48 INFO  : XSCT server has started successfully.
13:22:51 INFO  : Successfully done setting XSCT server connection channel  
13:22:51 INFO  : Processing command line option -hwspec C:/FPGAJosieVivian/ZynqComputer/ZynqComputer.sdk/Zynq_CPU_wrapper.hdf.
13:22:51 INFO  : Successfully done setting SDK workspace  
13:32:20 INFO  : Registering command handlers for SDK TCF services
13:32:20 INFO  : Launching XSCT server: xsct.bat -interactive C:\FPGAJosieVivian\ZynqComputer\ZynqComputer.sdk\temp_xsdb_launch_script.tcl
13:32:22 INFO  : XSCT server has started successfully.
13:32:23 INFO  : Processing command line option -hwspec C:/FPGAJosieVivian/ZynqComputer/ZynqComputer.sdk/Zynq_CPU_wrapper.hdf.
13:32:23 INFO  : Successfully done setting XSCT server connection channel  
13:32:23 INFO  : Successfully done setting SDK workspace  
13:32:23 INFO  : Checking for hwspec changes in the project Zynq_CPU_wrapper_hw_platform_0.
13:32:55 INFO  : Connected to target on host '127.0.0.1' and port '3121'.
13:33:08 INFO  : Connected to target on host '127.0.0.1' and port '3121'.
13:33:09 INFO  : 'targets -set -filter {jtag_cable_name =~ "Xilinx PYNQ-Z1 003017A6E1A5A" && level==0} -index 1' command is executed.
13:33:11 INFO  : FPGA configured successfully with bitstream "C:/FPGAJosieVivian/ZynqComputer/ZynqComputer.sdk/Zynq_CPU_wrapper_hw_platform_0/Zynq_CPU_wrapper.bit"
13:35:47 INFO  : 'targets -set -filter {jtag_cable_name =~ "Xilinx PYNQ-Z1 003017A6E1A5A" && level==0} -index 1' command is executed.
13:35:47 INFO  : 'fpga -state' command is executed.
13:35:47 INFO  : Connected to target on host '127.0.0.1' and port '3121'.
13:35:47 INFO  : Jtag cable 'Xilinx PYNQ-Z1 003017A6E1A5A' is selected.
13:35:47 INFO  : 'jtag frequency' command is executed.
13:35:47 INFO  : Sourcing of 'C:/FPGAJosieVivian/ZynqComputer/ZynqComputer.sdk/Zynq_CPU_wrapper_hw_platform_0/ps7_init.tcl' is done.
13:35:47 INFO  : Context for 'APU' is selected.
13:35:47 INFO  : Hardware design information is loaded from 'C:/FPGAJosieVivian/ZynqComputer/ZynqComputer.sdk/Zynq_CPU_wrapper_hw_platform_0/system.hdf'.
13:35:47 INFO  : 'configparams force-mem-access 1' command is executed.
13:35:47 INFO  : Context for 'APU' is selected.
13:35:47 INFO  : 'stop' command is executed.
13:35:48 INFO  : 'ps7_init' command is executed.
13:35:48 INFO  : 'ps7_post_config' command is executed.
13:35:48 INFO  : 'configparams force-mem-access 0' command is executed.
13:35:48 INFO  : ----------------XSDB Script----------------
connect -url tcp:127.0.0.1:3121
source C:/FPGAJosieVivian/ZynqComputer/ZynqComputer.sdk/Zynq_CPU_wrapper_hw_platform_0/ps7_init.tcl
targets -set -nocase -filter {name =~"APU*" && jtag_cable_name =~ "Xilinx PYNQ-Z1 003017A6E1A5A"} -index 0
loadhw -hw C:/FPGAJosieVivian/ZynqComputer/ZynqComputer.sdk/Zynq_CPU_wrapper_hw_platform_0/system.hdf -mem-ranges [list {0x40000000 0xbfffffff}]
configparams force-mem-access 1
targets -set -nocase -filter {name =~"APU*" && jtag_cable_name =~ "Xilinx PYNQ-Z1 003017A6E1A5A"} -index 0
stop
ps7_init
ps7_post_config
configparams force-mem-access 0
----------------End of Script----------------

13:35:48 INFO  : Disconnected from the channel tcfchan#1.
13:37:25 INFO  : 'targets -set -filter {jtag_cable_name =~ "Xilinx PYNQ-Z1 003017A6E1A5A" && level==0} -index 1' command is executed.
13:37:25 INFO  : 'fpga -state' command is executed.
13:37:25 INFO  : Connected to target on host '127.0.0.1' and port '3121'.
13:37:26 INFO  : Jtag cable 'Xilinx PYNQ-Z1 003017A6E1A5A' is selected.
13:37:26 INFO  : 'jtag frequency' command is executed.
13:37:26 INFO  : Sourcing of 'C:/FPGAJosieVivian/ZynqComputer/ZynqComputer.sdk/Zynq_CPU_wrapper_hw_platform_0/ps7_init.tcl' is done.
13:37:26 INFO  : Context for 'APU' is selected.
13:37:28 INFO  : Hardware design information is loaded from 'C:/FPGAJosieVivian/ZynqComputer/ZynqComputer.sdk/Zynq_CPU_wrapper_hw_platform_0/system.hdf'.
13:37:28 INFO  : 'configparams force-mem-access 1' command is executed.
13:37:28 INFO  : Context for 'APU' is selected.
13:37:28 INFO  : 'stop' command is executed.
13:37:29 INFO  : 'ps7_init' command is executed.
13:37:29 INFO  : 'ps7_post_config' command is executed.
13:37:29 INFO  : Context for processor 'ps7_cortexa9_0' is selected.
13:37:29 INFO  : Processor reset is completed for 'ps7_cortexa9_0'.
13:37:29 INFO  : Context for processor 'ps7_cortexa9_0' is selected.
13:37:29 INFO  : The application 'C:/FPGAJosieVivian/ZynqComputer/ZynqComputer.sdk/hello_world/Debug/hello_world.elf' is downloaded to processor 'ps7_cortexa9_0'.
13:37:29 INFO  : 'configparams force-mem-access 0' command is executed.
13:37:29 INFO  : ----------------XSDB Script----------------
connect -url tcp:127.0.0.1:3121
source C:/FPGAJosieVivian/ZynqComputer/ZynqComputer.sdk/Zynq_CPU_wrapper_hw_platform_0/ps7_init.tcl
targets -set -nocase -filter {name =~"APU*" && jtag_cable_name =~ "Xilinx PYNQ-Z1 003017A6E1A5A"} -index 0
loadhw -hw C:/FPGAJosieVivian/ZynqComputer/ZynqComputer.sdk/Zynq_CPU_wrapper_hw_platform_0/system.hdf -mem-ranges [list {0x40000000 0xbfffffff}]
configparams force-mem-access 1
targets -set -nocase -filter {name =~"APU*" && jtag_cable_name =~ "Xilinx PYNQ-Z1 003017A6E1A5A"} -index 0
stop
ps7_init
ps7_post_config
targets -set -nocase -filter {name =~ "ARM*#0" && jtag_cable_name =~ "Xilinx PYNQ-Z1 003017A6E1A5A"} -index 0
rst -processor
targets -set -nocase -filter {name =~ "ARM*#0" && jtag_cable_name =~ "Xilinx PYNQ-Z1 003017A6E1A5A"} -index 0
dow C:/FPGAJosieVivian/ZynqComputer/ZynqComputer.sdk/hello_world/Debug/hello_world.elf
configparams force-mem-access 0
----------------End of Script----------------

13:37:29 INFO  : Context for processor 'ps7_cortexa9_0' is selected.
13:37:29 INFO  : 'con' command is executed.
13:37:29 INFO  : ----------------XSDB Script (After Launch)----------------
targets -set -nocase -filter {name =~ "ARM*#0" && jtag_cable_name =~ "Xilinx PYNQ-Z1 003017A6E1A5A"} -index 0
con
----------------End of Script----------------

13:37:29 INFO  : Disconnected from the channel tcfchan#2.
13:38:25 INFO  : 'targets -set -filter {jtag_cable_name =~ "Xilinx PYNQ-Z1 003017A6E1A5A" && level==0} -index 1' command is executed.
13:38:25 INFO  : 'fpga -state' command is executed.
13:38:25 INFO  : Connected to target on host '127.0.0.1' and port '3121'.
13:38:25 INFO  : Jtag cable 'Xilinx PYNQ-Z1 003017A6E1A5A' is selected.
13:38:25 INFO  : 'jtag frequency' command is executed.
13:38:25 INFO  : Sourcing of 'C:/FPGAJosieVivian/ZynqComputer/ZynqComputer.sdk/Zynq_CPU_wrapper_hw_platform_0/ps7_init.tcl' is done.
13:38:25 INFO  : Context for 'APU' is selected.
13:38:27 INFO  : Hardware design information is loaded from 'C:/FPGAJosieVivian/ZynqComputer/ZynqComputer.sdk/Zynq_CPU_wrapper_hw_platform_0/system.hdf'.
13:38:27 INFO  : 'configparams force-mem-access 1' command is executed.
13:38:27 INFO  : Context for 'APU' is selected.
13:38:27 INFO  : 'stop' command is executed.
13:38:28 INFO  : 'ps7_init' command is executed.
13:38:28 INFO  : 'ps7_post_config' command is executed.
13:38:28 INFO  : Context for processor 'ps7_cortexa9_0' is selected.
13:38:28 INFO  : Processor reset is completed for 'ps7_cortexa9_0'.
13:38:28 INFO  : Context for processor 'ps7_cortexa9_0' is selected.
13:38:28 INFO  : The application 'C:/FPGAJosieVivian/ZynqComputer/ZynqComputer.sdk/hello_world/Debug/hello_world.elf' is downloaded to processor 'ps7_cortexa9_0'.
13:38:28 INFO  : 'configparams force-mem-access 0' command is executed.
13:38:28 INFO  : ----------------XSDB Script----------------
connect -url tcp:127.0.0.1:3121
source C:/FPGAJosieVivian/ZynqComputer/ZynqComputer.sdk/Zynq_CPU_wrapper_hw_platform_0/ps7_init.tcl
targets -set -nocase -filter {name =~"APU*" && jtag_cable_name =~ "Xilinx PYNQ-Z1 003017A6E1A5A"} -index 0
loadhw -hw C:/FPGAJosieVivian/ZynqComputer/ZynqComputer.sdk/Zynq_CPU_wrapper_hw_platform_0/system.hdf -mem-ranges [list {0x40000000 0xbfffffff}]
configparams force-mem-access 1
targets -set -nocase -filter {name =~"APU*" && jtag_cable_name =~ "Xilinx PYNQ-Z1 003017A6E1A5A"} -index 0
stop
ps7_init
ps7_post_config
targets -set -nocase -filter {name =~ "ARM*#0" && jtag_cable_name =~ "Xilinx PYNQ-Z1 003017A6E1A5A"} -index 0
rst -processor
targets -set -nocase -filter {name =~ "ARM*#0" && jtag_cable_name =~ "Xilinx PYNQ-Z1 003017A6E1A5A"} -index 0
dow C:/FPGAJosieVivian/ZynqComputer/ZynqComputer.sdk/hello_world/Debug/hello_world.elf
configparams force-mem-access 0
----------------End of Script----------------

13:38:28 INFO  : Context for processor 'ps7_cortexa9_0' is selected.
13:38:28 INFO  : 'con' command is executed.
13:38:28 INFO  : ----------------XSDB Script (After Launch)----------------
targets -set -nocase -filter {name =~ "ARM*#0" && jtag_cable_name =~ "Xilinx PYNQ-Z1 003017A6E1A5A"} -index 0
con
----------------End of Script----------------

13:38:28 INFO  : Disconnected from the channel tcfchan#3.
13:38:36 INFO  : 'targets -set -filter {jtag_cable_name =~ "Xilinx PYNQ-Z1 003017A6E1A5A" && level==0} -index 1' command is executed.
13:38:36 INFO  : 'fpga -state' command is executed.
13:38:36 INFO  : Connected to target on host '127.0.0.1' and port '3121'.
13:38:37 INFO  : Jtag cable 'Xilinx PYNQ-Z1 003017A6E1A5A' is selected.
13:38:37 INFO  : 'jtag frequency' command is executed.
13:38:37 INFO  : Sourcing of 'C:/FPGAJosieVivian/ZynqComputer/ZynqComputer.sdk/Zynq_CPU_wrapper_hw_platform_0/ps7_init.tcl' is done.
13:38:37 INFO  : Context for 'APU' is selected.
13:38:39 INFO  : Hardware design information is loaded from 'C:/FPGAJosieVivian/ZynqComputer/ZynqComputer.sdk/Zynq_CPU_wrapper_hw_platform_0/system.hdf'.
13:38:39 INFO  : 'configparams force-mem-access 1' command is executed.
13:38:39 INFO  : Context for 'APU' is selected.
13:38:39 INFO  : 'stop' command is executed.
13:38:39 INFO  : 'ps7_init' command is executed.
13:38:39 INFO  : 'ps7_post_config' command is executed.
13:38:39 INFO  : Context for processor 'ps7_cortexa9_0' is selected.
13:38:39 INFO  : Processor reset is completed for 'ps7_cortexa9_0'.
13:38:40 INFO  : Context for processor 'ps7_cortexa9_0' is selected.
13:38:40 INFO  : The application 'C:/FPGAJosieVivian/ZynqComputer/ZynqComputer.sdk/hello_world/Debug/hello_world.elf' is downloaded to processor 'ps7_cortexa9_0'.
13:38:40 INFO  : 'configparams force-mem-access 0' command is executed.
13:38:40 INFO  : ----------------XSDB Script----------------
connect -url tcp:127.0.0.1:3121
source C:/FPGAJosieVivian/ZynqComputer/ZynqComputer.sdk/Zynq_CPU_wrapper_hw_platform_0/ps7_init.tcl
targets -set -nocase -filter {name =~"APU*" && jtag_cable_name =~ "Xilinx PYNQ-Z1 003017A6E1A5A"} -index 0
loadhw -hw C:/FPGAJosieVivian/ZynqComputer/ZynqComputer.sdk/Zynq_CPU_wrapper_hw_platform_0/system.hdf -mem-ranges [list {0x40000000 0xbfffffff}]
configparams force-mem-access 1
targets -set -nocase -filter {name =~"APU*" && jtag_cable_name =~ "Xilinx PYNQ-Z1 003017A6E1A5A"} -index 0
stop
ps7_init
ps7_post_config
targets -set -nocase -filter {name =~ "ARM*#0" && jtag_cable_name =~ "Xilinx PYNQ-Z1 003017A6E1A5A"} -index 0
rst -processor
targets -set -nocase -filter {name =~ "ARM*#0" && jtag_cable_name =~ "Xilinx PYNQ-Z1 003017A6E1A5A"} -index 0
dow C:/FPGAJosieVivian/ZynqComputer/ZynqComputer.sdk/hello_world/Debug/hello_world.elf
configparams force-mem-access 0
----------------End of Script----------------

13:38:40 INFO  : Context for processor 'ps7_cortexa9_0' is selected.
13:38:40 INFO  : 'con' command is executed.
13:38:40 INFO  : ----------------XSDB Script (After Launch)----------------
targets -set -nocase -filter {name =~ "ARM*#0" && jtag_cable_name =~ "Xilinx PYNQ-Z1 003017A6E1A5A"} -index 0
con
----------------End of Script----------------

13:38:40 INFO  : Disconnected from the channel tcfchan#4.
